/*C3*/SET SCHEMA PUBLIC
INSERT INTO LOG VALUES(65,'2017-11-28 10:57:55.000000','adf')
COMMIT
DELETE FROM LOG WHERE ID=63
COMMIT
DELETE FROM LOG WHERE ID=64
COMMIT
DELETE FROM LOG WHERE ID=65
COMMIT
INSERT INTO LOG VALUES(66,'2017-11-28 10:58:06.173000','aasdfadsf')
COMMIT
INSERT INTO LOG VALUES(67,'2017-11-28 10:58:06.998000','aasdfadsf')
COMMIT
INSERT INTO LOG VALUES(68,'2017-11-28 10:58:07.595000','aasdfadsf')
COMMIT
INSERT INTO LOG VALUES(69,'2017-11-28 10:58:07.804000','aasdfadsf')
COMMIT
INSERT INTO LOG VALUES(70,'2017-11-28 10:58:08.014000','aasdfadsf')
COMMIT
INSERT INTO LOG VALUES(71,'2017-11-28 10:58:08.238000','aasdfadsf')
COMMIT
INSERT INTO LOG VALUES(72,'2017-11-28 10:58:08.621000','aasdfadsf')
COMMIT
INSERT INTO LOG VALUES(73,'2017-11-28 10:58:08.861000','aasdfadsf')
COMMIT
INSERT INTO LOG VALUES(74,'2017-11-28 10:58:09.099000','aasdfadsf')
COMMIT
DELETE FROM LOG WHERE ID=66
COMMIT
DELETE FROM LOG WHERE ID=67
COMMIT
DELETE FROM LOG WHERE ID=68
COMMIT
DELETE FROM LOG WHERE ID=69
COMMIT
DELETE FROM LOG WHERE ID=70
COMMIT
DELETE FROM LOG WHERE ID=71
COMMIT
DELETE FROM LOG WHERE ID=72
COMMIT
DELETE FROM LOG WHERE ID=73
COMMIT
DELETE FROM LOG WHERE ID=74
COMMIT
INSERT INTO LOG VALUES(75,'2017-11-28 10:58:22.258000','asdf')
COMMIT
DELETE FROM LOG WHERE ID=75
COMMIT
